{
  "D:\\React2024Q3\\src\\models.ts": {
    "path": "D:\\React2024Q3\\src\\models.ts",
    "all": false,
    "statementMap": {
      "26": {
        "start": { "line": 27, "column": 0 },
        "end": { "line": 27, "column": 23 }
      },
      "27": {
        "start": { "line": 28, "column": 0 },
        "end": { "line": 28, "column": 32 }
      },
      "28": {
        "start": { "line": 29, "column": 0 },
        "end": { "line": 29, "column": 24 }
      },
      "29": {
        "start": { "line": 30, "column": 0 },
        "end": { "line": 30, "column": 22 }
      },
      "30": {
        "start": { "line": 31, "column": 0 },
        "end": { "line": 31, "column": 18 }
      },
      "31": {
        "start": { "line": 32, "column": 0 },
        "end": { "line": 32, "column": 16 }
      },
      "32": {
        "start": { "line": 33, "column": 0 },
        "end": { "line": 33, "column": 2 }
      }
    },
    "s": { "26": 1, "27": 1, "28": 1, "29": 1, "30": 1, "31": 1, "32": 1 },
    "branchMap": {},
    "b": {},
    "fnMap": {},
    "f": {}
  },
  "D:\\React2024Q3\\src\\context\\context.tsx": {
    "path": "D:\\React2024Q3\\src\\context\\context.tsx",
    "all": false,
    "statementMap": {
      "0": {
        "start": { "line": 1, "column": 0 },
        "end": { "line": 1, "column": 68 }
      },
      "6": {
        "start": { "line": 7, "column": 0 },
        "end": { "line": 7, "column": 72 }
      },
      "7": {
        "start": { "line": 8, "column": 0 },
        "end": { "line": 8, "column": 11 }
      },
      "8": {
        "start": { "line": 9, "column": 0 },
        "end": { "line": 9, "column": 2 }
      },
      "10": {
        "start": { "line": 11, "column": 0 },
        "end": { "line": 11, "column": 70 }
      },
      "11": {
        "start": { "line": 12, "column": 0 },
        "end": { "line": 12, "column": 54 }
      },
      "13": {
        "start": { "line": 14, "column": 0 },
        "end": { "line": 14, "column": 29 }
      },
      "14": {
        "start": { "line": 15, "column": 0 },
        "end": { "line": 15, "column": 43 }
      },
      "15": {
        "start": { "line": 16, "column": 0 },
        "end": { "line": 16, "column": 4 }
      },
      "17": {
        "start": { "line": 18, "column": 0 },
        "end": { "line": 18, "column": 75 }
      },
      "19": {
        "start": { "line": 20, "column": 0 },
        "end": { "line": 20, "column": 10 }
      },
      "20": {
        "start": { "line": 21, "column": 0 },
        "end": { "line": 21, "column": 75 }
      },
      "22": {
        "start": { "line": 23, "column": 0 },
        "end": { "line": 23, "column": 1 }
      }
    },
    "s": {
      "0": 1,
      "6": 1,
      "7": 1,
      "8": 1,
      "10": 1,
      "11": 4,
      "13": 4,
      "14": 0,
      "15": 0,
      "17": 4,
      "19": 4,
      "20": 4,
      "22": 4
    },
    "branchMap": {
      "0": {
        "type": "branch",
        "line": 11,
        "loc": {
          "start": { "line": 11, "column": 7 },
          "end": { "line": 23, "column": 1 }
        },
        "locations": [
          {
            "start": { "line": 11, "column": 7 },
            "end": { "line": 23, "column": 1 }
          }
        ]
      },
      "1": {
        "type": "branch",
        "line": 18,
        "loc": {
          "start": { "line": 18, "column": 24 },
          "end": { "line": 18, "column": 61 }
        },
        "locations": [
          {
            "start": { "line": 18, "column": 24 },
            "end": { "line": 18, "column": 61 }
          }
        ]
      }
    },
    "b": { "0": [4], "1": [4] },
    "fnMap": {
      "0": {
        "name": "ThemeProvider",
        "decl": {
          "start": { "line": 11, "column": 7 },
          "end": { "line": 23, "column": 1 }
        },
        "loc": {
          "start": { "line": 11, "column": 7 },
          "end": { "line": 23, "column": 1 }
        },
        "line": 11
      },
      "1": {
        "name": "toggleTheme",
        "decl": {
          "start": { "line": 14, "column": 22 },
          "end": { "line": 16, "column": 4 }
        },
        "loc": {
          "start": { "line": 14, "column": 22 },
          "end": { "line": 16, "column": 4 }
        },
        "line": 14
      }
    },
    "f": { "0": 4, "1": 0 }
  },
  "D:\\React2024Q3\\src\\context\\contextHook.ts": {
    "path": "D:\\React2024Q3\\src\\context\\contextHook.ts",
    "all": false,
    "statementMap": {
      "0": {
        "start": { "line": 1, "column": 0 },
        "end": { "line": 1, "column": 35 }
      },
      "1": {
        "start": { "line": 2, "column": 0 },
        "end": { "line": 2, "column": 41 }
      },
      "3": {
        "start": { "line": 4, "column": 0 },
        "end": { "line": 4, "column": 24 }
      },
      "4": {
        "start": { "line": 5, "column": 0 },
        "end": { "line": 5, "column": 43 }
      },
      "5": {
        "start": { "line": 6, "column": 0 },
        "end": { "line": 6, "column": 17 }
      },
      "6": {
        "start": { "line": 7, "column": 0 },
        "end": { "line": 7, "column": 55 }
      },
      "7": {
        "start": { "line": 8, "column": 0 },
        "end": { "line": 8, "column": 3 }
      },
      "8": {
        "start": { "line": 9, "column": 0 },
        "end": { "line": 9, "column": 17 }
      },
      "9": {
        "start": { "line": 10, "column": 0 },
        "end": { "line": 10, "column": 2 }
      },
      "10": {
        "start": { "line": 11, "column": 0 },
        "end": { "line": 11, "column": 24 }
      }
    },
    "s": {
      "0": 1,
      "1": 1,
      "3": 1,
      "4": 9,
      "5": 9,
      "6": 4,
      "7": 4,
      "8": 5,
      "9": 5,
      "10": 1
    },
    "branchMap": {
      "0": {
        "type": "branch",
        "line": 4,
        "loc": {
          "start": { "line": 4, "column": 17 },
          "end": { "line": 10, "column": 2 }
        },
        "locations": [
          {
            "start": { "line": 4, "column": 17 },
            "end": { "line": 10, "column": 2 }
          }
        ]
      },
      "1": {
        "type": "branch",
        "line": 6,
        "loc": {
          "start": { "line": 6, "column": 16 },
          "end": { "line": 8, "column": 3 }
        },
        "locations": [
          {
            "start": { "line": 6, "column": 16 },
            "end": { "line": 8, "column": 3 }
          }
        ]
      },
      "2": {
        "type": "branch",
        "line": 8,
        "loc": {
          "start": { "line": 8, "column": 2 },
          "end": { "line": 10, "column": 2 }
        },
        "locations": [
          {
            "start": { "line": 8, "column": 2 },
            "end": { "line": 10, "column": 2 }
          }
        ]
      }
    },
    "b": { "0": [9], "1": [4], "2": [5] },
    "fnMap": {
      "0": {
        "name": "useTheme",
        "decl": {
          "start": { "line": 4, "column": 17 },
          "end": { "line": 10, "column": 2 }
        },
        "loc": {
          "start": { "line": 4, "column": 17 },
          "end": { "line": 10, "column": 2 }
        },
        "line": 4
      }
    },
    "f": { "0": 9 }
  },
  "D:\\React2024Q3\\src\\pages\\404.tsx": {
    "path": "D:\\React2024Q3\\src\\pages\\404.tsx",
    "all": false,
    "statementMap": {
      "0": {
        "start": { "line": 1, "column": 0 },
        "end": { "line": 1, "column": 21 }
      },
      "1": {
        "start": { "line": 2, "column": 0 },
        "end": { "line": 2, "column": 10 }
      },
      "2": {
        "start": { "line": 3, "column": 0 },
        "end": { "line": 3, "column": 6 }
      },
      "3": {
        "start": { "line": 4, "column": 0 },
        "end": { "line": 4, "column": 18 }
      },
      "4": {
        "start": { "line": 5, "column": 0 },
        "end": { "line": 5, "column": 32 }
      },
      "5": {
        "start": { "line": 6, "column": 0 },
        "end": { "line": 6, "column": 7 }
      },
      "7": {
        "start": { "line": 8, "column": 0 },
        "end": { "line": 8, "column": 1 }
      },
      "8": {
        "start": { "line": 9, "column": 0 },
        "end": { "line": 9, "column": 24 }
      }
    },
    "s": { "0": 1, "1": 1, "2": 1, "3": 1, "4": 1, "5": 1, "7": 1, "8": 1 },
    "branchMap": {
      "0": {
        "type": "branch",
        "line": 1,
        "loc": {
          "start": { "line": 1, "column": 0 },
          "end": { "line": 8, "column": 1 }
        },
        "locations": [
          {
            "start": { "line": 1, "column": 0 },
            "end": { "line": 8, "column": 1 }
          }
        ]
      }
    },
    "b": { "0": [1] },
    "fnMap": {
      "0": {
        "name": "Error404",
        "decl": {
          "start": { "line": 1, "column": 0 },
          "end": { "line": 8, "column": 1 }
        },
        "loc": {
          "start": { "line": 1, "column": 0 },
          "end": { "line": 8, "column": 1 }
        },
        "line": 1
      }
    },
    "f": { "0": 1 }
  },
  "D:\\React2024Q3\\src\\pages\\_app.tsx": {
    "path": "D:\\React2024Q3\\src\\pages\\_app.tsx",
    "all": true,
    "statementMap": {
      "0": {
        "start": { "line": 1, "column": 0 },
        "end": { "line": 1, "column": 31 }
      },
      "2": {
        "start": { "line": 3, "column": 0 },
        "end": { "line": 3, "column": 39 }
      },
      "3": {
        "start": { "line": 4, "column": 0 },
        "end": { "line": 4, "column": 51 }
      },
      "4": {
        "start": { "line": 5, "column": 0 },
        "end": { "line": 5, "column": 41 }
      },
      "6": {
        "start": { "line": 7, "column": 0 },
        "end": { "line": 7, "column": 48 }
      },
      "7": {
        "start": { "line": 8, "column": 0 },
        "end": { "line": 8, "column": 57 }
      },
      "9": {
        "start": { "line": 10, "column": 0 },
        "end": { "line": 10, "column": 10 }
      },
      "10": {
        "start": { "line": 11, "column": 0 },
        "end": { "line": 11, "column": 28 }
      },
      "11": {
        "start": { "line": 12, "column": 0 },
        "end": { "line": 12, "column": 21 }
      },
      "12": {
        "start": { "line": 13, "column": 0 },
        "end": { "line": 13, "column": 42 }
      },
      "13": {
        "start": { "line": 14, "column": 0 },
        "end": { "line": 14, "column": 22 }
      },
      "14": {
        "start": { "line": 15, "column": 0 },
        "end": { "line": 15, "column": 15 }
      },
      "16": {
        "start": { "line": 17, "column": 0 },
        "end": { "line": 17, "column": 1 }
      },
      "18": {
        "start": { "line": 19, "column": 0 },
        "end": { "line": 19, "column": 19 }
      }
    },
    "s": {
      "0": 0,
      "2": 0,
      "3": 0,
      "4": 0,
      "6": 0,
      "7": 0,
      "9": 0,
      "10": 0,
      "11": 0,
      "12": 0,
      "13": 0,
      "14": 0,
      "16": 0,
      "18": 0
    },
    "branchMap": {
      "0": {
        "type": "branch",
        "line": 1,
        "loc": {
          "start": { "line": 1, "column": 506 },
          "end": { "line": 19, "column": 19 }
        },
        "locations": [
          {
            "start": { "line": 1, "column": 506 },
            "end": { "line": 19, "column": 19 }
          }
        ]
      }
    },
    "b": { "0": [0] },
    "fnMap": {
      "0": {
        "name": "(empty-report)",
        "decl": {
          "start": { "line": 1, "column": 506 },
          "end": { "line": 19, "column": 19 }
        },
        "loc": {
          "start": { "line": 1, "column": 506 },
          "end": { "line": 19, "column": 19 }
        },
        "line": 1
      }
    },
    "f": { "0": 0 }
  },
  "D:\\React2024Q3\\src\\pages\\_document.tsx": {
    "path": "D:\\React2024Q3\\src\\pages\\_document.tsx",
    "all": true,
    "statementMap": {
      "0": {
        "start": { "line": 1, "column": 0 },
        "end": { "line": 1, "column": 61 }
      },
      "2": {
        "start": { "line": 3, "column": 0 },
        "end": { "line": 3, "column": 21 }
      },
      "3": {
        "start": { "line": 4, "column": 0 },
        "end": { "line": 4, "column": 10 }
      },
      "4": {
        "start": { "line": 5, "column": 0 },
        "end": { "line": 5, "column": 20 }
      },
      "5": {
        "start": { "line": 6, "column": 0 },
        "end": { "line": 6, "column": 12 }
      },
      "6": {
        "start": { "line": 7, "column": 0 },
        "end": { "line": 7, "column": 13 }
      },
      "7": {
        "start": { "line": 8, "column": 0 },
        "end": { "line": 8, "column": 196 }
      },
      "8": {
        "start": { "line": 9, "column": 0 },
        "end": { "line": 9, "column": 26 }
      },
      "9": {
        "start": { "line": 10, "column": 0 },
        "end": { "line": 10, "column": 10 }
      },
      "10": {
        "start": { "line": 11, "column": 0 },
        "end": { "line": 11, "column": 13 }
      },
      "11": {
        "start": { "line": 12, "column": 0 },
        "end": { "line": 12, "column": 12 }
      },
      "12": {
        "start": { "line": 13, "column": 0 },
        "end": { "line": 13, "column": 16 }
      },
      "13": {
        "start": { "line": 14, "column": 0 },
        "end": { "line": 14, "column": 22 }
      },
      "14": {
        "start": { "line": 15, "column": 0 },
        "end": { "line": 15, "column": 13 }
      },
      "15": {
        "start": { "line": 16, "column": 0 },
        "end": { "line": 16, "column": 11 }
      },
      "17": {
        "start": { "line": 18, "column": 0 },
        "end": { "line": 18, "column": 1 }
      },
      "18": {
        "start": { "line": 19, "column": 0 },
        "end": { "line": 19, "column": 24 }
      }
    },
    "s": {
      "0": 0,
      "2": 0,
      "3": 0,
      "4": 0,
      "5": 0,
      "6": 0,
      "7": 0,
      "8": 0,
      "9": 0,
      "10": 0,
      "11": 0,
      "12": 0,
      "13": 0,
      "14": 0,
      "15": 0,
      "17": 0,
      "18": 0
    },
    "branchMap": {
      "0": {
        "type": "branch",
        "line": 1,
        "loc": {
          "start": { "line": 1, "column": 0 },
          "end": { "line": 19, "column": -348 }
        },
        "locations": [
          {
            "start": { "line": 1, "column": 0 },
            "end": { "line": 19, "column": -348 }
          }
        ]
      }
    },
    "b": { "0": [0] },
    "fnMap": {
      "0": {
        "name": "(empty-report)",
        "decl": {
          "start": { "line": 1, "column": 0 },
          "end": { "line": 19, "column": -348 }
        },
        "loc": {
          "start": { "line": 1, "column": 0 },
          "end": { "line": 19, "column": -348 }
        },
        "line": 1
      }
    },
    "f": { "0": 0 }
  },
  "D:\\React2024Q3\\src\\pages\\index.tsx": {
    "path": "D:\\React2024Q3\\src\\pages\\index.tsx",
    "all": false,
    "statementMap": {
      "0": {
        "start": { "line": 1, "column": 0 },
        "end": { "line": 1, "column": 42 }
      },
      "1": {
        "start": { "line": 2, "column": 0 },
        "end": { "line": 2, "column": 55 }
      },
      "2": {
        "start": { "line": 3, "column": 0 },
        "end": { "line": 3, "column": 34 }
      },
      "3": {
        "start": { "line": 4, "column": 0 },
        "end": { "line": 4, "column": 46 }
      },
      "4": {
        "start": { "line": 5, "column": 0 },
        "end": { "line": 5, "column": 63 }
      },
      "5": {
        "start": { "line": 6, "column": 0 },
        "end": { "line": 6, "column": 51 }
      },
      "6": {
        "start": { "line": 7, "column": 0 },
        "end": { "line": 7, "column": 69 }
      },
      "7": {
        "start": { "line": 8, "column": 0 },
        "end": { "line": 8, "column": 44 }
      },
      "8": {
        "start": { "line": 9, "column": 0 },
        "end": { "line": 9, "column": 41 }
      },
      "9": {
        "start": { "line": 10, "column": 0 },
        "end": { "line": 10, "column": 48 }
      },
      "10": {
        "start": { "line": 11, "column": 0 },
        "end": { "line": 11, "column": 48 }
      },
      "12": {
        "start": { "line": 13, "column": 0 },
        "end": { "line": 13, "column": 60 }
      },
      "13": {
        "start": { "line": 14, "column": 0 },
        "end": { "line": 14, "column": 63 }
      },
      "14": {
        "start": { "line": 15, "column": 0 },
        "end": { "line": 15, "column": 52 }
      },
      "15": {
        "start": { "line": 16, "column": 0 },
        "end": { "line": 16, "column": 79 }
      },
      "24": {
        "start": { "line": 25, "column": 0 },
        "end": { "line": 25, "column": 53 }
      },
      "25": {
        "start": { "line": 26, "column": 0 },
        "end": { "line": 26, "column": 55 }
      },
      "26": {
        "start": { "line": 27, "column": 0 },
        "end": { "line": 27, "column": 56 }
      },
      "27": {
        "start": { "line": 28, "column": 0 },
        "end": { "line": 28, "column": 63 }
      },
      "28": {
        "start": { "line": 29, "column": 0 },
        "end": { "line": 29, "column": 52 }
      },
      "29": {
        "start": { "line": 30, "column": 0 },
        "end": { "line": 30, "column": 43 }
      },
      "30": {
        "start": { "line": 31, "column": 0 },
        "end": { "line": 31, "column": 27 }
      },
      "31": {
        "start": { "line": 32, "column": 0 },
        "end": { "line": 32, "column": 119 }
      },
      "32": {
        "start": { "line": 33, "column": 0 },
        "end": { "line": 33, "column": 89 }
      },
      "34": {
        "start": { "line": 35, "column": 0 },
        "end": { "line": 35, "column": 33 }
      },
      "36": {
        "start": { "line": 37, "column": 0 },
        "end": { "line": 37, "column": 18 }
      },
      "37": {
        "start": { "line": 38, "column": 0 },
        "end": { "line": 38, "column": 14 }
      },
      "38": {
        "start": { "line": 39, "column": 0 },
        "end": { "line": 39, "column": 16 }
      },
      "39": {
        "start": { "line": 40, "column": 0 },
        "end": { "line": 40, "column": 23 }
      },
      "40": {
        "start": { "line": 41, "column": 0 },
        "end": { "line": 41, "column": 22 }
      },
      "41": {
        "start": { "line": 42, "column": 0 },
        "end": { "line": 42, "column": 19 }
      },
      "42": {
        "start": { "line": 43, "column": 0 },
        "end": { "line": 43, "column": 16 }
      },
      "43": {
        "start": { "line": 44, "column": 0 },
        "end": { "line": 44, "column": 10 }
      },
      "44": {
        "start": { "line": 45, "column": 0 },
        "end": { "line": 45, "column": 8 }
      },
      "45": {
        "start": { "line": 46, "column": 0 },
        "end": { "line": 46, "column": 5 }
      },
      "47": {
        "start": { "line": 48, "column": 0 },
        "end": { "line": 48, "column": 52 }
      },
      "49": {
        "start": { "line": 50, "column": 0 },
        "end": { "line": 50, "column": 12 }
      },
      "50": {
        "start": { "line": 51, "column": 0 },
        "end": { "line": 51, "column": 14 }
      },
      "51": {
        "start": { "line": 52, "column": 0 },
        "end": { "line": 52, "column": 38 }
      },
      "52": {
        "start": { "line": 53, "column": 0 },
        "end": { "line": 53, "column": 20 }
      },
      "53": {
        "start": { "line": 54, "column": 0 },
        "end": { "line": 54, "column": 31 }
      },
      "54": {
        "start": { "line": 55, "column": 0 },
        "end": { "line": 55, "column": 14 }
      },
      "55": {
        "start": { "line": 56, "column": 0 },
        "end": { "line": 56, "column": 8 }
      },
      "56": {
        "start": { "line": 57, "column": 0 },
        "end": { "line": 57, "column": 6 }
      },
      "57": {
        "start": { "line": 58, "column": 0 },
        "end": { "line": 58, "column": 5 }
      },
      "65": {
        "start": { "line": 66, "column": 0 },
        "end": { "line": 66, "column": 68 }
      },
      "66": {
        "start": { "line": 67, "column": 0 },
        "end": { "line": 67, "column": 36 }
      },
      "67": {
        "start": { "line": 68, "column": 0 },
        "end": { "line": 68, "column": 37 }
      },
      "68": {
        "start": { "line": 69, "column": 0 },
        "end": { "line": 69, "column": 56 }
      },
      "69": {
        "start": { "line": 70, "column": 0 },
        "end": { "line": 70, "column": 4 }
      },
      "70": {
        "start": { "line": 71, "column": 0 },
        "end": { "line": 71, "column": 33 }
      },
      "71": {
        "start": { "line": 72, "column": 0 },
        "end": { "line": 72, "column": 35 }
      },
      "72": {
        "start": { "line": 73, "column": 0 },
        "end": { "line": 73, "column": 49 }
      },
      "73": {
        "start": { "line": 74, "column": 0 },
        "end": { "line": 74, "column": 4 }
      },
      "74": {
        "start": { "line": 75, "column": 0 },
        "end": { "line": 75, "column": 33 }
      },
      "75": {
        "start": { "line": 76, "column": 0 },
        "end": { "line": 76, "column": 54 }
      },
      "76": {
        "start": { "line": 77, "column": 0 },
        "end": { "line": 77, "column": 4 }
      },
      "78": {
        "start": { "line": 79, "column": 0 },
        "end": { "line": 79, "column": 19 }
      },
      "79": {
        "start": { "line": 80, "column": 0 },
        "end": { "line": 80, "column": 61 }
      },
      "80": {
        "start": { "line": 81, "column": 0 },
        "end": { "line": 81, "column": 38 }
      },
      "82": {
        "start": { "line": 83, "column": 0 },
        "end": { "line": 83, "column": 79 }
      },
      "84": {
        "start": { "line": 85, "column": 0 },
        "end": { "line": 85, "column": 43 }
      },
      "85": {
        "start": { "line": 86, "column": 0 },
        "end": { "line": 86, "column": 32 }
      },
      "86": {
        "start": { "line": 87, "column": 0 },
        "end": { "line": 87, "column": 37 }
      },
      "87": {
        "start": { "line": 88, "column": 0 },
        "end": { "line": 88, "column": 4 }
      },
      "89": {
        "start": { "line": 90, "column": 0 },
        "end": { "line": 90, "column": 10 }
      },
      "90": {
        "start": { "line": 91, "column": 0 },
        "end": { "line": 91, "column": 74 }
      },
      "91": {
        "start": { "line": 92, "column": 0 },
        "end": { "line": 92, "column": 27 }
      },
      "92": {
        "start": { "line": 93, "column": 0 },
        "end": { "line": 93, "column": 50 }
      },
      "93": {
        "start": { "line": 94, "column": 0 },
        "end": { "line": 94, "column": 18 }
      },
      "94": {
        "start": { "line": 95, "column": 0 },
        "end": { "line": 95, "column": 16 }
      },
      "95": {
        "start": { "line": 96, "column": 0 },
        "end": { "line": 96, "column": 45 }
      },
      "96": {
        "start": { "line": 97, "column": 0 },
        "end": { "line": 97, "column": 51 }
      },
      "97": {
        "start": { "line": 98, "column": 0 },
        "end": { "line": 98, "column": 22 }
      },
      "98": {
        "start": { "line": 99, "column": 0 },
        "end": { "line": 99, "column": 31 }
      },
      "99": {
        "start": { "line": 100, "column": 0 },
        "end": { "line": 100, "column": 37 }
      },
      "100": {
        "start": { "line": 101, "column": 0 },
        "end": { "line": 101, "column": 41 }
      },
      "101": {
        "start": { "line": 102, "column": 0 },
        "end": { "line": 102, "column": 12 }
      },
      "102": {
        "start": { "line": 103, "column": 0 },
        "end": { "line": 103, "column": 18 }
      },
      "103": {
        "start": { "line": 104, "column": 0 },
        "end": { "line": 104, "column": 42 }
      },
      "104": {
        "start": { "line": 105, "column": 0 },
        "end": { "line": 105, "column": 50 }
      },
      "106": {
        "start": { "line": 107, "column": 0 },
        "end": { "line": 107, "column": 13 }
      },
      "107": {
        "start": { "line": 108, "column": 0 },
        "end": { "line": 108, "column": 20 }
      },
      "108": {
        "start": { "line": 109, "column": 0 },
        "end": { "line": 109, "column": 47 }
      },
      "109": {
        "start": { "line": 110, "column": 0 },
        "end": { "line": 110, "column": 14 }
      },
      "111": {
        "start": { "line": 112, "column": 0 },
        "end": { "line": 112, "column": 1 }
      },
      "113": {
        "start": { "line": 114, "column": 0 },
        "end": { "line": 114, "column": 24 }
      }
    },
    "s": {
      "0": 1,
      "1": 1,
      "2": 1,
      "3": 1,
      "4": 1,
      "5": 1,
      "6": 1,
      "7": 1,
      "8": 1,
      "9": 1,
      "10": 1,
      "12": 1,
      "13": 1,
      "14": 1,
      "15": 1,
      "24": 1,
      "25": 1,
      "26": 0,
      "27": 0,
      "28": 0,
      "29": 0,
      "30": 0,
      "31": 0,
      "32": 0,
      "34": 0,
      "36": 0,
      "37": 0,
      "38": 0,
      "39": 0,
      "40": 0,
      "41": 0,
      "42": 0,
      "43": 0,
      "44": 0,
      "45": 0,
      "47": 0,
      "49": 0,
      "50": 0,
      "51": 0,
      "52": 0,
      "53": 0,
      "54": 0,
      "55": 0,
      "56": 0,
      "57": 0,
      "65": 1,
      "66": 1,
      "67": 1,
      "68": 1,
      "69": 1,
      "70": 1,
      "71": 1,
      "72": 1,
      "73": 1,
      "74": 1,
      "75": 1,
      "76": 1,
      "78": 1,
      "79": 1,
      "80": 1,
      "82": 1,
      "84": 1,
      "85": 0,
      "86": 0,
      "87": 0,
      "89": 1,
      "90": 1,
      "91": 1,
      "92": 1,
      "93": 1,
      "94": 1,
      "95": 1,
      "96": 1,
      "97": 1,
      "98": 1,
      "99": 1,
      "100": 1,
      "101": 1,
      "102": 1,
      "103": 1,
      "104": 0,
      "106": 1,
      "107": 1,
      "108": 1,
      "109": 1,
      "111": 1,
      "113": 1
    },
    "branchMap": {
      "0": {
        "type": "branch",
        "line": 66,
        "loc": {
          "start": { "line": 66, "column": 0 },
          "end": { "line": 112, "column": 1 }
        },
        "locations": [
          {
            "start": { "line": 66, "column": 0 },
            "end": { "line": 112, "column": 1 }
          }
        ]
      },
      "1": {
        "type": "branch",
        "line": 91,
        "loc": {
          "start": { "line": 91, "column": 27 },
          "end": { "line": 91, "column": 49 }
        },
        "locations": [
          {
            "start": { "line": 91, "column": 27 },
            "end": { "line": 91, "column": 49 }
          }
        ]
      },
      "2": {
        "type": "branch",
        "line": 104,
        "loc": {
          "start": { "line": 104, "column": 9 },
          "end": { "line": 104, "column": 42 }
        },
        "locations": [
          {
            "start": { "line": 104, "column": 9 },
            "end": { "line": 104, "column": 42 }
          }
        ]
      },
      "3": {
        "type": "branch",
        "line": 104,
        "loc": {
          "start": { "line": 104, "column": 23 },
          "end": { "line": 105, "column": 50 }
        },
        "locations": [
          {
            "start": { "line": 104, "column": 23 },
            "end": { "line": 105, "column": 50 }
          }
        ]
      },
      "4": {
        "type": "branch",
        "line": 109,
        "loc": {
          "start": { "line": 109, "column": 31 },
          "end": { "line": 109, "column": 47 }
        },
        "locations": [
          {
            "start": { "line": 109, "column": 31 },
            "end": { "line": 109, "column": 47 }
          }
        ]
      },
      "5": {
        "type": "branch",
        "line": 69,
        "loc": {
          "start": { "line": 69, "column": 4 },
          "end": { "line": 69, "column": 56 }
        },
        "locations": [
          {
            "start": { "line": 69, "column": 4 },
            "end": { "line": 69, "column": 56 }
          }
        ]
      },
      "6": {
        "type": "branch",
        "line": 73,
        "loc": {
          "start": { "line": 73, "column": 4 },
          "end": { "line": 73, "column": 49 }
        },
        "locations": [
          {
            "start": { "line": 73, "column": 4 },
            "end": { "line": 73, "column": 49 }
          }
        ]
      },
      "7": {
        "type": "branch",
        "line": 76,
        "loc": {
          "start": { "line": 76, "column": 4 },
          "end": { "line": 76, "column": 54 }
        },
        "locations": [
          {
            "start": { "line": 76, "column": 4 },
            "end": { "line": 76, "column": 54 }
          }
        ]
      },
      "8": {
        "type": "branch",
        "line": 79,
        "loc": {
          "start": { "line": 79, "column": 12 },
          "end": { "line": 81, "column": 5 }
        },
        "locations": [
          {
            "start": { "line": 79, "column": 12 },
            "end": { "line": 81, "column": 5 }
          }
        ]
      },
      "9": {
        "type": "branch",
        "line": 83,
        "loc": {
          "start": { "line": 83, "column": 39 },
          "end": { "line": 83, "column": 77 }
        },
        "locations": [
          {
            "start": { "line": 83, "column": 39 },
            "end": { "line": 83, "column": 77 }
          }
        ]
      }
    },
    "b": {
      "0": [1],
      "1": [0],
      "2": [0],
      "3": [0],
      "4": [0],
      "5": [4],
      "6": [4],
      "7": [4],
      "8": [1],
      "9": [2]
    },
    "fnMap": {
      "0": {
        "name": "HomePage",
        "decl": {
          "start": { "line": 66, "column": 0 },
          "end": { "line": 112, "column": 1 }
        },
        "loc": {
          "start": { "line": 66, "column": 0 },
          "end": { "line": 112, "column": 1 }
        },
        "line": 66
      },
      "1": {
        "name": "handleCardClick",
        "decl": {
          "start": { "line": 85, "column": 26 },
          "end": { "line": 88, "column": 4 }
        },
        "loc": {
          "start": { "line": 85, "column": 26 },
          "end": { "line": 88, "column": 4 }
        },
        "line": 85
      }
    },
    "f": { "0": 1, "1": 0 }
  },
  "D:\\React2024Q3\\src\\pages\\components\\Card\\Card.tsx": {
    "path": "D:\\React2024Q3\\src\\pages\\components\\Card\\Card.tsx",
    "all": false,
    "statementMap": {
      "0": {
        "start": { "line": 1, "column": 0 },
        "end": { "line": 1, "column": 55 }
      },
      "1": {
        "start": { "line": 2, "column": 0 },
        "end": { "line": 2, "column": 31 }
      },
      "2": {
        "start": { "line": 3, "column": 0 },
        "end": { "line": 3, "column": 39 }
      },
      "8": {
        "start": { "line": 9, "column": 0 },
        "end": { "line": 9, "column": 44 }
      },
      "9": {
        "start": { "line": 10, "column": 0 },
        "end": { "line": 10, "column": 65 }
      },
      "11": {
        "start": { "line": 12, "column": 0 },
        "end": { "line": 12, "column": 50 }
      },
      "12": {
        "start": { "line": 13, "column": 0 },
        "end": { "line": 13, "column": 33 }
      },
      "13": {
        "start": { "line": 14, "column": 0 },
        "end": { "line": 14, "column": 33 }
      },
      "14": {
        "start": { "line": 15, "column": 0 },
        "end": { "line": 15, "column": 54 }
      },
      "15": {
        "start": { "line": 16, "column": 0 },
        "end": { "line": 16, "column": 4 }
      },
      "16": {
        "start": { "line": 17, "column": 0 },
        "end": { "line": 17, "column": 37 }
      },
      "17": {
        "start": { "line": 18, "column": 0 },
        "end": { "line": 18, "column": 56 }
      },
      "18": {
        "start": { "line": 19, "column": 0 },
        "end": { "line": 19, "column": 4 }
      },
      "19": {
        "start": { "line": 20, "column": 0 },
        "end": { "line": 20, "column": 39 }
      },
      "20": {
        "start": { "line": 21, "column": 0 },
        "end": { "line": 21, "column": 52 }
      },
      "21": {
        "start": { "line": 22, "column": 0 },
        "end": { "line": 22, "column": 4 }
      },
      "23": {
        "start": { "line": 24, "column": 0 },
        "end": { "line": 24, "column": 41 }
      },
      "24": {
        "start": { "line": 25, "column": 0 },
        "end": { "line": 25, "column": 28 }
      },
      "25": {
        "start": { "line": 26, "column": 0 },
        "end": { "line": 26, "column": 40 }
      },
      "26": {
        "start": { "line": 27, "column": 0 },
        "end": { "line": 27, "column": 36 }
      },
      "27": {
        "start": { "line": 28, "column": 0 },
        "end": { "line": 28, "column": 12 }
      },
      "28": {
        "start": { "line": 29, "column": 0 },
        "end": { "line": 29, "column": 39 }
      },
      "29": {
        "start": { "line": 30, "column": 0 },
        "end": { "line": 30, "column": 34 }
      },
      "30": {
        "start": { "line": 31, "column": 0 },
        "end": { "line": 31, "column": 5 }
      },
      "31": {
        "start": { "line": 32, "column": 0 },
        "end": { "line": 32, "column": 4 }
      },
      "33": {
        "start": { "line": 34, "column": 0 },
        "end": { "line": 34, "column": 33 }
      },
      "34": {
        "start": { "line": 35, "column": 0 },
        "end": { "line": 35, "column": 30 }
      },
      "35": {
        "start": { "line": 36, "column": 0 },
        "end": { "line": 36, "column": 4 }
      },
      "37": {
        "start": { "line": 38, "column": 0 },
        "end": { "line": 38, "column": 73 }
      },
      "38": {
        "start": { "line": 39, "column": 0 },
        "end": { "line": 39, "column": 32 }
      },
      "39": {
        "start": { "line": 40, "column": 0 },
        "end": { "line": 40, "column": 32 }
      },
      "40": {
        "start": { "line": 41, "column": 0 },
        "end": { "line": 41, "column": 5 }
      },
      "41": {
        "start": { "line": 42, "column": 0 },
        "end": { "line": 42, "column": 4 }
      },
      "43": {
        "start": { "line": 44, "column": 0 },
        "end": { "line": 44, "column": 72 }
      },
      "44": {
        "start": { "line": 45, "column": 0 },
        "end": { "line": 45, "column": 28 }
      },
      "45": {
        "start": { "line": 46, "column": 0 },
        "end": { "line": 46, "column": 27 }
      },
      "46": {
        "start": { "line": 47, "column": 0 },
        "end": { "line": 47, "column": 35 }
      },
      "47": {
        "start": { "line": 48, "column": 0 },
        "end": { "line": 48, "column": 13 }
      },
      "48": {
        "start": { "line": 49, "column": 0 },
        "end": { "line": 49, "column": 21 }
      },
      "49": {
        "start": { "line": 50, "column": 0 },
        "end": { "line": 50, "column": 23 }
      },
      "50": {
        "start": { "line": 51, "column": 0 },
        "end": { "line": 51, "column": 29 }
      },
      "51": {
        "start": { "line": 52, "column": 0 },
        "end": { "line": 52, "column": 29 }
      },
      "52": {
        "start": { "line": 53, "column": 0 },
        "end": { "line": 53, "column": 41 }
      },
      "53": {
        "start": { "line": 54, "column": 0 },
        "end": { "line": 54, "column": 8 }
      },
      "54": {
        "start": { "line": 55, "column": 0 },
        "end": { "line": 55, "column": 6 }
      },
      "55": {
        "start": { "line": 56, "column": 0 },
        "end": { "line": 56, "column": 4 }
      },
      "57": {
        "start": { "line": 58, "column": 0 },
        "end": { "line": 58, "column": 10 }
      },
      "58": {
        "start": { "line": 59, "column": 0 },
        "end": { "line": 59, "column": 8 }
      },
      "59": {
        "start": { "line": 60, "column": 0 },
        "end": { "line": 60, "column": 36 }
      },
      "60": {
        "start": { "line": 61, "column": 0 },
        "end": { "line": 61, "column": 31 }
      },
      "61": {
        "start": { "line": 62, "column": 0 },
        "end": { "line": 62, "column": 31 }
      },
      "62": {
        "start": { "line": 63, "column": 0 },
        "end": { "line": 63, "column": 18 }
      },
      "63": {
        "start": { "line": 64, "column": 0 },
        "end": { "line": 64, "column": 19 }
      },
      "64": {
        "start": { "line": 65, "column": 0 },
        "end": { "line": 65, "column": 28 }
      },
      "66": {
        "start": { "line": 67, "column": 0 },
        "end": { "line": 67, "column": 12 }
      },
      "67": {
        "start": { "line": 68, "column": 0 },
        "end": { "line": 68, "column": 19 }
      },
      "68": {
        "start": { "line": 69, "column": 0 },
        "end": { "line": 69, "column": 20 }
      },
      "69": {
        "start": { "line": 70, "column": 0 },
        "end": { "line": 70, "column": 31 }
      },
      "70": {
        "start": { "line": 71, "column": 0 },
        "end": { "line": 71, "column": 27 }
      },
      "71": {
        "start": { "line": 72, "column": 0 },
        "end": { "line": 72, "column": 33 }
      },
      "72": {
        "start": { "line": 73, "column": 0 },
        "end": { "line": 73, "column": 24 }
      },
      "73": {
        "start": { "line": 74, "column": 0 },
        "end": { "line": 74, "column": 8 }
      },
      "74": {
        "start": { "line": 75, "column": 0 },
        "end": { "line": 75, "column": 30 }
      },
      "75": {
        "start": { "line": 76, "column": 0 },
        "end": { "line": 76, "column": 34 }
      },
      "76": {
        "start": { "line": 77, "column": 0 },
        "end": { "line": 77, "column": 13 }
      },
      "77": {
        "start": { "line": 78, "column": 0 },
        "end": { "line": 78, "column": 21 }
      },
      "78": {
        "start": { "line": 79, "column": 0 },
        "end": { "line": 79, "column": 77 }
      },
      "79": {
        "start": { "line": 80, "column": 0 },
        "end": { "line": 80, "column": 30 }
      },
      "81": {
        "start": { "line": 82, "column": 0 },
        "end": { "line": 82, "column": 44 }
      },
      "82": {
        "start": { "line": 83, "column": 0 },
        "end": { "line": 83, "column": 15 }
      },
      "83": {
        "start": { "line": 84, "column": 0 },
        "end": { "line": 84, "column": 10 }
      },
      "85": {
        "start": { "line": 86, "column": 0 },
        "end": { "line": 86, "column": 1 }
      },
      "87": {
        "start": { "line": 88, "column": 0 },
        "end": { "line": 88, "column": 20 }
      }
    },
    "s": {
      "0": 1,
      "1": 1,
      "2": 1,
      "8": 1,
      "9": 1,
      "11": 14,
      "12": 14,
      "13": 14,
      "14": 14,
      "15": 14,
      "16": 14,
      "17": 14,
      "18": 14,
      "19": 14,
      "20": 14,
      "21": 14,
      "23": 14,
      "24": 3,
      "25": 1,
      "26": 1,
      "27": 3,
      "28": 2,
      "29": 2,
      "30": 2,
      "31": 3,
      "33": 14,
      "34": 2,
      "35": 2,
      "37": 14,
      "38": 1,
      "39": 1,
      "40": 1,
      "41": 1,
      "43": 14,
      "44": 2,
      "45": 2,
      "46": 2,
      "47": 2,
      "48": 2,
      "49": 2,
      "50": 2,
      "51": 2,
      "52": 2,
      "53": 2,
      "54": 2,
      "55": 2,
      "57": 14,
      "58": 14,
      "59": 14,
      "60": 14,
      "61": 14,
      "62": 14,
      "63": 14,
      "64": 14,
      "66": 14,
      "67": 14,
      "68": 14,
      "69": 14,
      "70": 14,
      "71": 14,
      "72": 14,
      "73": 14,
      "74": 14,
      "75": 14,
      "76": 14,
      "77": 14,
      "78": 14,
      "79": 14,
      "81": 14,
      "82": 14,
      "83": 14,
      "85": 14,
      "87": 1
    },
    "branchMap": {
      "0": {
        "type": "branch",
        "line": 12,
        "loc": {
          "start": { "line": 12, "column": 0 },
          "end": { "line": 86, "column": 1 }
        },
        "locations": [
          {
            "start": { "line": 12, "column": 0 },
            "end": { "line": 86, "column": 1 }
          }
        ]
      },
      "1": {
        "type": "branch",
        "line": 79,
        "loc": {
          "start": { "line": 79, "column": 45 },
          "end": { "line": 79, "column": 72 }
        },
        "locations": [
          {
            "start": { "line": 79, "column": 45 },
            "end": { "line": 79, "column": 72 }
          }
        ]
      },
      "2": {
        "type": "branch",
        "line": 79,
        "loc": {
          "start": { "line": 79, "column": 63 },
          "end": { "line": 79, "column": 74 }
        },
        "locations": [
          {
            "start": { "line": 79, "column": 63 },
            "end": { "line": 79, "column": 74 }
          }
        ]
      },
      "3": {
        "type": "branch",
        "line": 82,
        "loc": {
          "start": { "line": 82, "column": 9 },
          "end": { "line": 82, "column": 31 }
        },
        "locations": [
          {
            "start": { "line": 82, "column": 9 },
            "end": { "line": 82, "column": 31 }
          }
        ]
      },
      "4": {
        "type": "branch",
        "line": 82,
        "loc": {
          "start": { "line": 82, "column": 20 },
          "end": { "line": 82, "column": 44 }
        },
        "locations": [
          {
            "start": { "line": 82, "column": 20 },
            "end": { "line": 82, "column": 44 }
          }
        ]
      },
      "5": {
        "type": "branch",
        "line": 15,
        "loc": {
          "start": { "line": 15, "column": 4 },
          "end": { "line": 15, "column": 54 }
        },
        "locations": [
          {
            "start": { "line": 15, "column": 4 },
            "end": { "line": 15, "column": 54 }
          }
        ]
      },
      "6": {
        "type": "branch",
        "line": 18,
        "loc": {
          "start": { "line": 18, "column": 4 },
          "end": { "line": 18, "column": 56 }
        },
        "locations": [
          {
            "start": { "line": 18, "column": 4 },
            "end": { "line": 18, "column": 56 }
          }
        ]
      },
      "7": {
        "type": "branch",
        "line": 21,
        "loc": {
          "start": { "line": 21, "column": 4 },
          "end": { "line": 21, "column": 52 }
        },
        "locations": [
          {
            "start": { "line": 21, "column": 4 },
            "end": { "line": 21, "column": 52 }
          }
        ]
      },
      "8": {
        "type": "branch",
        "line": 24,
        "loc": {
          "start": { "line": 24, "column": 24 },
          "end": { "line": 32, "column": 4 }
        },
        "locations": [
          {
            "start": { "line": 24, "column": 24 },
            "end": { "line": 32, "column": 4 }
          }
        ]
      },
      "9": {
        "type": "branch",
        "line": 25,
        "loc": {
          "start": { "line": 25, "column": 27 },
          "end": { "line": 28, "column": 11 }
        },
        "locations": [
          {
            "start": { "line": 25, "column": 27 },
            "end": { "line": 28, "column": 11 }
          }
        ]
      },
      "10": {
        "type": "branch",
        "line": 28,
        "loc": {
          "start": { "line": 28, "column": 4 },
          "end": { "line": 31, "column": 5 }
        },
        "locations": [
          {
            "start": { "line": 28, "column": 4 },
            "end": { "line": 31, "column": 5 }
          }
        ]
      },
      "11": {
        "type": "branch",
        "line": 34,
        "loc": {
          "start": { "line": 34, "column": 26 },
          "end": { "line": 36, "column": 4 }
        },
        "locations": [
          {
            "start": { "line": 34, "column": 26 },
            "end": { "line": 36, "column": 4 }
          }
        ]
      },
      "12": {
        "type": "branch",
        "line": 38,
        "loc": {
          "start": { "line": 38, "column": 24 },
          "end": { "line": 42, "column": 4 }
        },
        "locations": [
          {
            "start": { "line": 38, "column": 24 },
            "end": { "line": 42, "column": 4 }
          }
        ]
      },
      "13": {
        "type": "branch",
        "line": 44,
        "loc": {
          "start": { "line": 44, "column": 23 },
          "end": { "line": 56, "column": 4 }
        },
        "locations": [
          {
            "start": { "line": 44, "column": 23 },
            "end": { "line": 56, "column": 4 }
          }
        ]
      }
    },
    "b": {
      "0": [14],
      "1": [1],
      "2": [13],
      "3": [1],
      "4": [13],
      "5": [35],
      "6": [35],
      "7": [1],
      "8": [3],
      "9": [1],
      "10": [2],
      "11": [2],
      "12": [1],
      "13": [2]
    },
    "fnMap": {
      "0": {
        "name": "Card",
        "decl": {
          "start": { "line": 12, "column": 0 },
          "end": { "line": 86, "column": 1 }
        },
        "loc": {
          "start": { "line": 12, "column": 0 },
          "end": { "line": 86, "column": 1 }
        },
        "line": 12
      },
      "1": {
        "name": "toggleDetails",
        "decl": {
          "start": { "line": 24, "column": 24 },
          "end": { "line": 32, "column": 4 }
        },
        "loc": {
          "start": { "line": 24, "column": 24 },
          "end": { "line": 32, "column": 4 }
        },
        "line": 24
      },
      "2": {
        "name": "handleCardClick",
        "decl": {
          "start": { "line": 34, "column": 26 },
          "end": { "line": 36, "column": 4 }
        },
        "loc": {
          "start": { "line": 34, "column": 26 },
          "end": { "line": 36, "column": 4 }
        },
        "line": 34
      },
      "3": {
        "name": "handleKeyDown",
        "decl": {
          "start": { "line": 38, "column": 24 },
          "end": { "line": 42, "column": 4 }
        },
        "loc": {
          "start": { "line": 38, "column": 24 },
          "end": { "line": 42, "column": 4 }
        },
        "line": 38
      },
      "4": {
        "name": "toggleChoose",
        "decl": {
          "start": { "line": 44, "column": 23 },
          "end": { "line": 56, "column": 4 }
        },
        "loc": {
          "start": { "line": 44, "column": 23 },
          "end": { "line": 56, "column": 4 }
        },
        "line": 44
      }
    },
    "f": { "0": 14, "1": 3, "2": 2, "3": 1, "4": 2 }
  },
  "D:\\React2024Q3\\src\\pages\\components\\Footer\\Footer.tsx": {
    "path": "D:\\React2024Q3\\src\\pages\\components\\Footer\\Footer.tsx",
    "all": false,
    "statementMap": {
      "0": {
        "start": { "line": 1, "column": 0 },
        "end": { "line": 1, "column": 55 }
      },
      "1": {
        "start": { "line": 2, "column": 0 },
        "end": { "line": 2, "column": 41 }
      },
      "3": {
        "start": { "line": 4, "column": 0 },
        "end": { "line": 4, "column": 71 }
      },
      "6": {
        "start": { "line": 7, "column": 0 },
        "end": { "line": 7, "column": 19 }
      },
      "7": {
        "start": { "line": 8, "column": 0 },
        "end": { "line": 8, "column": 33 }
      },
      "8": {
        "start": { "line": 9, "column": 0 },
        "end": { "line": 9, "column": 37 }
      },
      "9": {
        "start": { "line": 10, "column": 0 },
        "end": { "line": 10, "column": 56 }
      },
      "10": {
        "start": { "line": 11, "column": 0 },
        "end": { "line": 11, "column": 4 }
      },
      "12": {
        "start": { "line": 13, "column": 0 },
        "end": { "line": 13, "column": 29 }
      },
      "13": {
        "start": { "line": 14, "column": 0 },
        "end": { "line": 14, "column": 36 }
      },
      "14": {
        "start": { "line": 15, "column": 0 },
        "end": { "line": 15, "column": 4 }
      },
      "16": {
        "start": { "line": 17, "column": 0 },
        "end": { "line": 17, "column": 29 }
      },
      "17": {
        "start": { "line": 18, "column": 0 },
        "end": { "line": 18, "column": 44 }
      },
      "19": {
        "start": { "line": 20, "column": 0 },
        "end": { "line": 20, "column": 54 }
      },
      "20": {
        "start": { "line": 21, "column": 0 },
        "end": { "line": 21, "column": 59 }
      },
      "21": {
        "start": { "line": 22, "column": 0 },
        "end": { "line": 22, "column": 20 }
      },
      "22": {
        "start": { "line": 23, "column": 0 },
        "end": { "line": 23, "column": 20 }
      },
      "23": {
        "start": { "line": 24, "column": 0 },
        "end": { "line": 24, "column": 26 }
      },
      "24": {
        "start": { "line": 25, "column": 0 },
        "end": { "line": 25, "column": 7 }
      },
      "26": {
        "start": { "line": 27, "column": 0 },
        "end": { "line": 27, "column": 24 }
      },
      "27": {
        "start": { "line": 28, "column": 0 },
        "end": { "line": 28, "column": 24 }
      },
      "28": {
        "start": { "line": 29, "column": 0 },
        "end": { "line": 29, "column": 52 }
      },
      "29": {
        "start": { "line": 30, "column": 0 },
        "end": { "line": 30, "column": 17 }
      },
      "31": {
        "start": { "line": 32, "column": 0 },
        "end": { "line": 32, "column": 77 }
      },
      "32": {
        "start": { "line": 33, "column": 0 },
        "end": { "line": 33, "column": 42 }
      },
      "33": {
        "start": { "line": 34, "column": 0 },
        "end": { "line": 34, "column": 61 }
      },
      "34": {
        "start": { "line": 35, "column": 0 },
        "end": { "line": 35, "column": 45 }
      },
      "35": {
        "start": { "line": 36, "column": 0 },
        "end": { "line": 36, "column": 35 }
      },
      "36": {
        "start": { "line": 37, "column": 0 },
        "end": { "line": 37, "column": 44 }
      },
      "37": {
        "start": { "line": 38, "column": 0 },
        "end": { "line": 38, "column": 36 }
      },
      "38": {
        "start": { "line": 39, "column": 0 },
        "end": { "line": 39, "column": 17 }
      },
      "39": {
        "start": { "line": 40, "column": 0 },
        "end": { "line": 40, "column": 36 }
      },
      "40": {
        "start": { "line": 41, "column": 0 },
        "end": { "line": 41, "column": 4 }
      },
      "42": {
        "start": { "line": 43, "column": 0 },
        "end": { "line": 43, "column": 10 }
      },
      "43": {
        "start": { "line": 44, "column": 0 },
        "end": { "line": 44, "column": 38 }
      },
      "44": {
        "start": { "line": 45, "column": 0 },
        "end": { "line": 45, "column": 13 }
      },
      "45": {
        "start": { "line": 46, "column": 0 },
        "end": { "line": 46, "column": 39 }
      },
      "46": {
        "start": { "line": 47, "column": 0 },
        "end": { "line": 47, "column": 21 }
      },
      "47": {
        "start": { "line": 48, "column": 0 },
        "end": { "line": 48, "column": 29 }
      },
      "48": {
        "start": { "line": 49, "column": 0 },
        "end": { "line": 49, "column": 7 }
      },
      "50": {
        "start": { "line": 51, "column": 0 },
        "end": { "line": 51, "column": 15 }
      },
      "51": {
        "start": { "line": 52, "column": 0 },
        "end": { "line": 52, "column": 60 }
      },
      "52": {
        "start": { "line": 53, "column": 0 },
        "end": { "line": 53, "column": 13 }
      },
      "53": {
        "start": { "line": 54, "column": 0 },
        "end": { "line": 54, "column": 39 }
      },
      "54": {
        "start": { "line": 55, "column": 0 },
        "end": { "line": 55, "column": 21 }
      },
      "55": {
        "start": { "line": 56, "column": 0 },
        "end": { "line": 56, "column": 29 }
      },
      "56": {
        "start": { "line": 57, "column": 0 },
        "end": { "line": 57, "column": 7 }
      },
      "58": {
        "start": { "line": 59, "column": 0 },
        "end": { "line": 59, "column": 15 }
      },
      "59": {
        "start": { "line": 60, "column": 0 },
        "end": { "line": 60, "column": 13 }
      },
      "61": {
        "start": { "line": 62, "column": 0 },
        "end": { "line": 62, "column": 1 }
      },
      "63": {
        "start": { "line": 64, "column": 0 },
        "end": { "line": 64, "column": 22 }
      }
    },
    "s": {
      "0": 1,
      "1": 1,
      "3": 1,
      "6": 6,
      "7": 6,
      "8": 6,
      "9": 6,
      "10": 6,
      "12": 6,
      "13": 1,
      "14": 1,
      "16": 6,
      "17": 2,
      "19": 1,
      "20": 1,
      "21": 2,
      "22": 2,
      "23": 2,
      "24": 1,
      "26": 1,
      "27": 1,
      "28": 1,
      "29": 1,
      "31": 1,
      "32": 1,
      "33": 1,
      "34": 1,
      "35": 1,
      "36": 1,
      "37": 1,
      "38": 1,
      "39": 1,
      "40": 2,
      "42": 6,
      "43": 6,
      "44": 6,
      "45": 6,
      "46": 6,
      "47": 6,
      "48": 6,
      "50": 6,
      "51": 6,
      "52": 6,
      "53": 6,
      "54": 6,
      "55": 6,
      "56": 6,
      "58": 6,
      "59": 6,
      "61": 6,
      "63": 1
    },
    "branchMap": {
      "0": {
        "type": "branch",
        "line": 7,
        "loc": {
          "start": { "line": 7, "column": 0 },
          "end": { "line": 62, "column": 1 }
        },
        "locations": [
          {
            "start": { "line": 7, "column": 0 },
            "end": { "line": 62, "column": 1 }
          }
        ]
      },
      "1": {
        "type": "branch",
        "line": 10,
        "loc": {
          "start": { "line": 10, "column": 4 },
          "end": { "line": 10, "column": 56 }
        },
        "locations": [
          {
            "start": { "line": 10, "column": 4 },
            "end": { "line": 10, "column": 56 }
          }
        ]
      },
      "2": {
        "type": "branch",
        "line": 13,
        "loc": {
          "start": { "line": 13, "column": 22 },
          "end": { "line": 15, "column": 4 }
        },
        "locations": [
          {
            "start": { "line": 13, "column": 22 },
            "end": { "line": 15, "column": 4 }
          }
        ]
      },
      "3": {
        "type": "branch",
        "line": 17,
        "loc": {
          "start": { "line": 17, "column": 22 },
          "end": { "line": 41, "column": 4 }
        },
        "locations": [
          {
            "start": { "line": 17, "column": 22 },
            "end": { "line": 41, "column": 4 }
          }
        ]
      },
      "4": {
        "type": "branch",
        "line": 18,
        "loc": {
          "start": { "line": 18, "column": 37 },
          "end": { "line": 40, "column": 36 }
        },
        "locations": [
          {
            "start": { "line": 18, "column": 37 },
            "end": { "line": 40, "column": 36 }
          }
        ]
      },
      "5": {
        "type": "branch",
        "line": 21,
        "loc": {
          "start": { "line": 21, "column": 36 },
          "end": { "line": 25, "column": 5 }
        },
        "locations": [
          {
            "start": { "line": 21, "column": 36 },
            "end": { "line": 25, "column": 5 }
          }
        ]
      },
      "6": {
        "type": "branch",
        "line": 29,
        "loc": {
          "start": { "line": 29, "column": 18 },
          "end": { "line": 29, "column": 50 }
        },
        "locations": [
          {
            "start": { "line": 29, "column": 18 },
            "end": { "line": 29, "column": 50 }
          }
        ]
      }
    },
    "b": {
      "0": [6],
      "1": [12],
      "2": [1],
      "3": [2],
      "4": [1],
      "5": [2],
      "6": [2]
    },
    "fnMap": {
      "0": {
        "name": "Footer",
        "decl": {
          "start": { "line": 7, "column": 0 },
          "end": { "line": 62, "column": 1 }
        },
        "loc": {
          "start": { "line": 7, "column": 0 },
          "end": { "line": 62, "column": 1 }
        },
        "line": 7
      },
      "1": {
        "name": "unselectAll",
        "decl": {
          "start": { "line": 13, "column": 22 },
          "end": { "line": 15, "column": 4 }
        },
        "loc": {
          "start": { "line": 13, "column": 22 },
          "end": { "line": 15, "column": 4 }
        },
        "line": 13
      },
      "2": {
        "name": "downloadCSV",
        "decl": {
          "start": { "line": 17, "column": 22 },
          "end": { "line": 41, "column": 4 }
        },
        "loc": {
          "start": { "line": 17, "column": 22 },
          "end": { "line": 41, "column": 4 }
        },
        "line": 17
      }
    },
    "f": { "0": 6, "1": 1, "2": 2 }
  },
  "D:\\React2024Q3\\src\\pages\\components\\Loader\\Loader.tsx": {
    "path": "D:\\React2024Q3\\src\\pages\\components\\Loader\\Loader.tsx",
    "all": false,
    "statementMap": {
      "0": {
        "start": { "line": 1, "column": 0 },
        "end": { "line": 1, "column": 41 }
      },
      "2": {
        "start": { "line": 3, "column": 0 },
        "end": { "line": 3, "column": 19 }
      },
      "3": {
        "start": { "line": 4, "column": 0 },
        "end": { "line": 4, "column": 57 }
      },
      "4": {
        "start": { "line": 5, "column": 0 },
        "end": { "line": 5, "column": 1 }
      },
      "6": {
        "start": { "line": 7, "column": 0 },
        "end": { "line": 7, "column": 22 }
      }
    },
    "s": { "0": 1, "2": 2, "3": 2, "4": 2, "6": 1 },
    "branchMap": {
      "0": {
        "type": "branch",
        "line": 3,
        "loc": {
          "start": { "line": 3, "column": 0 },
          "end": { "line": 5, "column": 1 }
        },
        "locations": [
          {
            "start": { "line": 3, "column": 0 },
            "end": { "line": 5, "column": 1 }
          }
        ]
      }
    },
    "b": { "0": [2] },
    "fnMap": {
      "0": {
        "name": "Loader",
        "decl": {
          "start": { "line": 3, "column": 0 },
          "end": { "line": 5, "column": 1 }
        },
        "loc": {
          "start": { "line": 3, "column": 0 },
          "end": { "line": 5, "column": 1 }
        },
        "line": 3
      }
    },
    "f": { "0": 2 }
  },
  "D:\\React2024Q3\\src\\pages\\components\\Pagination\\Pagination.tsx": {
    "path": "D:\\React2024Q3\\src\\pages\\components\\Pagination\\Pagination.tsx",
    "all": false,
    "statementMap": {
      "0": {
        "start": { "line": 1, "column": 0 },
        "end": { "line": 1, "column": 29 }
      },
      "1": {
        "start": { "line": 2, "column": 0 },
        "end": { "line": 2, "column": 55 }
      },
      "2": {
        "start": { "line": 3, "column": 0 },
        "end": { "line": 3, "column": 34 }
      },
      "3": {
        "start": { "line": 4, "column": 0 },
        "end": { "line": 4, "column": 45 }
      },
      "8": {
        "start": { "line": 9, "column": 0 },
        "end": { "line": 9, "column": 46 }
      },
      "10": {
        "start": { "line": 11, "column": 0 },
        "end": { "line": 11, "column": 23 }
      },
      "11": {
        "start": { "line": 12, "column": 0 },
        "end": { "line": 12, "column": 34 }
      },
      "12": {
        "start": { "line": 13, "column": 0 },
        "end": { "line": 13, "column": 49 }
      },
      "13": {
        "start": { "line": 14, "column": 0 },
        "end": { "line": 14, "column": 4 }
      },
      "14": {
        "start": { "line": 15, "column": 0 },
        "end": { "line": 15, "column": 75 }
      },
      "15": {
        "start": { "line": 16, "column": 0 },
        "end": { "line": 16, "column": 33 }
      },
      "16": {
        "start": { "line": 17, "column": 0 },
        "end": { "line": 17, "column": 56 }
      },
      "17": {
        "start": { "line": 18, "column": 0 },
        "end": { "line": 18, "column": 4 }
      },
      "18": {
        "start": { "line": 19, "column": 0 },
        "end": { "line": 19, "column": 34 }
      },
      "19": {
        "start": { "line": 20, "column": 0 },
        "end": { "line": 20, "column": 57 }
      },
      "20": {
        "start": { "line": 21, "column": 0 },
        "end": { "line": 21, "column": 4 }
      },
      "21": {
        "start": { "line": 22, "column": 0 },
        "end": { "line": 22, "column": 33 }
      },
      "23": {
        "start": { "line": 24, "column": 0 },
        "end": { "line": 24, "column": 19 }
      },
      "24": {
        "start": { "line": 25, "column": 0 },
        "end": { "line": 25, "column": 60 }
      },
      "25": {
        "start": { "line": 26, "column": 0 },
        "end": { "line": 26, "column": 37 }
      },
      "27": {
        "start": { "line": 28, "column": 0 },
        "end": { "line": 28, "column": 52 }
      },
      "28": {
        "start": { "line": 29, "column": 0 },
        "end": { "line": 29, "column": 41 }
      },
      "29": {
        "start": { "line": 30, "column": 0 },
        "end": { "line": 30, "column": 4 }
      },
      "31": {
        "start": { "line": 32, "column": 0 },
        "end": { "line": 32, "column": 68 }
      },
      "33": {
        "start": { "line": 34, "column": 0 },
        "end": { "line": 34, "column": 10 }
      },
      "34": {
        "start": { "line": 35, "column": 0 },
        "end": { "line": 35, "column": 39 }
      },
      "35": {
        "start": { "line": 36, "column": 0 },
        "end": { "line": 36, "column": 28 }
      },
      "36": {
        "start": { "line": 37, "column": 0 },
        "end": { "line": 37, "column": 13 }
      },
      "37": {
        "start": { "line": 38, "column": 0 },
        "end": { "line": 38, "column": 33 }
      },
      "38": {
        "start": { "line": 39, "column": 0 },
        "end": { "line": 39, "column": 20 }
      },
      "39": {
        "start": { "line": 40, "column": 0 },
        "end": { "line": 40, "column": 48 }
      },
      "41": {
        "start": { "line": 42, "column": 0 },
        "end": { "line": 42, "column": 17 }
      },
      "42": {
        "start": { "line": 43, "column": 0 },
        "end": { "line": 43, "column": 25 }
      },
      "43": {
        "start": { "line": 44, "column": 0 },
        "end": { "line": 44, "column": 97 }
      },
      "45": {
        "start": { "line": 46, "column": 0 },
        "end": { "line": 46, "column": 18 }
      },
      "46": {
        "start": { "line": 47, "column": 0 },
        "end": { "line": 47, "column": 19 }
      },
      "47": {
        "start": { "line": 48, "column": 0 },
        "end": { "line": 48, "column": 15 }
      },
      "48": {
        "start": { "line": 49, "column": 0 },
        "end": { "line": 49, "column": 9 }
      },
      "49": {
        "start": { "line": 50, "column": 0 },
        "end": { "line": 50, "column": 10 }
      },
      "51": {
        "start": { "line": 52, "column": 0 },
        "end": { "line": 52, "column": 1 }
      },
      "53": {
        "start": { "line": 54, "column": 0 },
        "end": { "line": 54, "column": 26 }
      }
    },
    "s": {
      "0": 1,
      "1": 1,
      "2": 1,
      "3": 1,
      "8": 1,
      "10": 3,
      "11": 3,
      "12": 3,
      "13": 3,
      "14": 3,
      "15": 3,
      "16": 3,
      "17": 3,
      "18": 3,
      "19": 3,
      "20": 3,
      "21": 3,
      "23": 3,
      "24": 2,
      "25": 3,
      "27": 3,
      "28": 0,
      "29": 0,
      "31": 3,
      "33": 3,
      "34": 3,
      "35": 3,
      "36": 6,
      "37": 6,
      "38": 6,
      "39": 6,
      "41": 6,
      "42": 6,
      "43": 6,
      "45": 6,
      "46": 6,
      "47": 6,
      "48": 3,
      "49": 3,
      "51": 3,
      "53": 1
    },
    "branchMap": {
      "0": {
        "type": "branch",
        "line": 11,
        "loc": {
          "start": { "line": 11, "column": 0 },
          "end": { "line": 52, "column": 1 }
        },
        "locations": [
          {
            "start": { "line": 11, "column": 0 },
            "end": { "line": 52, "column": 1 }
          }
        ]
      },
      "1": {
        "type": "branch",
        "line": 13,
        "loc": {
          "start": { "line": 13, "column": 4 },
          "end": { "line": 13, "column": 49 }
        },
        "locations": [
          {
            "start": { "line": 13, "column": 4 },
            "end": { "line": 13, "column": 49 }
          }
        ]
      },
      "2": {
        "type": "branch",
        "line": 15,
        "loc": {
          "start": { "line": 15, "column": 28 },
          "end": { "line": 15, "column": 73 }
        },
        "locations": [
          {
            "start": { "line": 15, "column": 28 },
            "end": { "line": 15, "column": 73 }
          }
        ]
      },
      "3": {
        "type": "branch",
        "line": 17,
        "loc": {
          "start": { "line": 17, "column": 4 },
          "end": { "line": 17, "column": 56 }
        },
        "locations": [
          {
            "start": { "line": 17, "column": 4 },
            "end": { "line": 17, "column": 56 }
          }
        ]
      },
      "4": {
        "type": "branch",
        "line": 20,
        "loc": {
          "start": { "line": 20, "column": 4 },
          "end": { "line": 20, "column": 57 }
        },
        "locations": [
          {
            "start": { "line": 20, "column": 4 },
            "end": { "line": 20, "column": 57 }
          }
        ]
      },
      "5": {
        "type": "branch",
        "line": 24,
        "loc": {
          "start": { "line": 24, "column": 12 },
          "end": { "line": 26, "column": 5 }
        },
        "locations": [
          {
            "start": { "line": 24, "column": 12 },
            "end": { "line": 26, "column": 5 }
          }
        ]
      },
      "6": {
        "type": "branch",
        "line": 32,
        "loc": {
          "start": { "line": 32, "column": 51 },
          "end": { "line": 32, "column": 66 }
        },
        "locations": [
          {
            "start": { "line": 32, "column": 51 },
            "end": { "line": 32, "column": 66 }
          }
        ]
      },
      "7": {
        "type": "branch",
        "line": 36,
        "loc": {
          "start": { "line": 36, "column": 17 },
          "end": { "line": 48, "column": 15 }
        },
        "locations": [
          {
            "start": { "line": 36, "column": 17 },
            "end": { "line": 48, "column": 15 }
          }
        ]
      },
      "8": {
        "type": "branch",
        "line": 44,
        "loc": {
          "start": { "line": 44, "column": 69 },
          "end": { "line": 44, "column": 92 }
        },
        "locations": [
          {
            "start": { "line": 44, "column": 69 },
            "end": { "line": 44, "column": 92 }
          }
        ]
      },
      "9": {
        "type": "branch",
        "line": 44,
        "loc": {
          "start": { "line": 44, "column": 83 },
          "end": { "line": 44, "column": 94 }
        },
        "locations": [
          {
            "start": { "line": 44, "column": 83 },
            "end": { "line": 44, "column": 94 }
          }
        ]
      }
    },
    "b": {
      "0": [3],
      "1": [7],
      "2": [7],
      "3": [7],
      "4": [7],
      "5": [2],
      "6": [6],
      "7": [6],
      "8": [3],
      "9": [3]
    },
    "fnMap": {
      "0": {
        "name": "Pagination",
        "decl": {
          "start": { "line": 11, "column": 0 },
          "end": { "line": 52, "column": 1 }
        },
        "loc": {
          "start": { "line": 11, "column": 0 },
          "end": { "line": 52, "column": 1 }
        },
        "line": 11
      },
      "1": {
        "name": "handlePageChange",
        "decl": {
          "start": { "line": 28, "column": 27 },
          "end": { "line": 30, "column": 4 }
        },
        "loc": {
          "start": { "line": 28, "column": 27 },
          "end": { "line": 30, "column": 4 }
        },
        "line": 28
      },
      "2": {
        "name": "onClick",
        "decl": {
          "start": { "line": 40, "column": 19 },
          "end": { "line": 40, "column": 48 }
        },
        "loc": {
          "start": { "line": 40, "column": 19 },
          "end": { "line": 40, "column": 48 }
        },
        "line": 40
      }
    },
    "f": { "0": 3, "1": 0, "2": 0 }
  },
  "D:\\React2024Q3\\src\\pages\\components\\Search\\Search.tsx": {
    "path": "D:\\React2024Q3\\src\\pages\\components\\Search\\Search.tsx",
    "all": false,
    "statementMap": {
      "0": {
        "start": { "line": 1, "column": 0 },
        "end": { "line": 1, "column": 46 }
      },
      "1": {
        "start": { "line": 2, "column": 0 },
        "end": { "line": 2, "column": 42 }
      },
      "2": {
        "start": { "line": 3, "column": 0 },
        "end": { "line": 3, "column": 40 }
      },
      "3": {
        "start": { "line": 4, "column": 0 },
        "end": { "line": 4, "column": 41 }
      },
      "4": {
        "start": { "line": 5, "column": 0 },
        "end": { "line": 5, "column": 66 }
      },
      "5": {
        "start": { "line": 6, "column": 0 },
        "end": { "line": 6, "column": 70 }
      },
      "7": {
        "start": { "line": 8, "column": 0 },
        "end": { "line": 8, "column": 19 }
      },
      "8": {
        "start": { "line": 9, "column": 0 },
        "end": { "line": 9, "column": 33 }
      },
      "9": {
        "start": { "line": 10, "column": 0 },
        "end": { "line": 10, "column": 51 }
      },
      "10": {
        "start": { "line": 11, "column": 0 },
        "end": { "line": 11, "column": 29 }
      },
      "12": {
        "start": { "line": 13, "column": 0 },
        "end": { "line": 13, "column": 71 }
      },
      "13": {
        "start": { "line": 14, "column": 0 },
        "end": { "line": 14, "column": 38 }
      },
      "14": {
        "start": { "line": 15, "column": 0 },
        "end": { "line": 15, "column": 4 }
      },
      "16": {
        "start": { "line": 17, "column": 0 },
        "end": { "line": 17, "column": 35 }
      },
      "17": {
        "start": { "line": 18, "column": 0 },
        "end": { "line": 18, "column": 41 }
      },
      "18": {
        "start": { "line": 19, "column": 0 },
        "end": { "line": 19, "column": 32 }
      },
      "19": {
        "start": { "line": 20, "column": 0 },
        "end": { "line": 20, "column": 17 }
      },
      "20": {
        "start": { "line": 21, "column": 0 },
        "end": { "line": 21, "column": 20 }
      },
      "21": {
        "start": { "line": 22, "column": 0 },
        "end": { "line": 22, "column": 45 }
      },
      "22": {
        "start": { "line": 23, "column": 0 },
        "end": { "line": 23, "column": 7 }
      },
      "23": {
        "start": { "line": 24, "column": 0 },
        "end": { "line": 24, "column": 4 }
      },
      "25": {
        "start": { "line": 26, "column": 0 },
        "end": { "line": 26, "column": 10 }
      },
      "26": {
        "start": { "line": 27, "column": 0 },
        "end": { "line": 27, "column": 9 }
      },
      "27": {
        "start": { "line": 28, "column": 0 },
        "end": { "line": 28, "column": 40 }
      },
      "28": {
        "start": { "line": 29, "column": 0 },
        "end": { "line": 29, "column": 42 }
      },
      "30": {
        "start": { "line": 31, "column": 0 },
        "end": { "line": 31, "column": 12 }
      },
      "31": {
        "start": { "line": 32, "column": 0 },
        "end": { "line": 32, "column": 35 }
      },
      "32": {
        "start": { "line": 33, "column": 0 },
        "end": { "line": 33, "column": 19 }
      },
      "33": {
        "start": { "line": 34, "column": 0 },
        "end": { "line": 34, "column": 38 }
      },
      "34": {
        "start": { "line": 35, "column": 0 },
        "end": { "line": 35, "column": 26 }
      },
      "35": {
        "start": { "line": 36, "column": 0 },
        "end": { "line": 36, "column": 36 }
      },
      "36": {
        "start": { "line": 37, "column": 0 },
        "end": { "line": 37, "column": 8 }
      },
      "37": {
        "start": { "line": 38, "column": 0 },
        "end": { "line": 38, "column": 13 }
      },
      "38": {
        "start": { "line": 39, "column": 0 },
        "end": { "line": 39, "column": 21 }
      },
      "39": {
        "start": { "line": 40, "column": 0 },
        "end": { "line": 40, "column": 35 }
      },
      "40": {
        "start": { "line": 41, "column": 0 },
        "end": { "line": 41, "column": 39 }
      },
      "41": {
        "start": { "line": 42, "column": 0 },
        "end": { "line": 42, "column": 7 }
      },
      "43": {
        "start": { "line": 44, "column": 0 },
        "end": { "line": 44, "column": 15 }
      },
      "44": {
        "start": { "line": 45, "column": 0 },
        "end": { "line": 45, "column": 11 }
      },
      "46": {
        "start": { "line": 47, "column": 0 },
        "end": { "line": 47, "column": 1 }
      },
      "48": {
        "start": { "line": 49, "column": 0 },
        "end": { "line": 49, "column": 22 }
      }
    },
    "s": {
      "0": 1,
      "1": 1,
      "2": 1,
      "3": 1,
      "4": 1,
      "5": 1,
      "7": 6,
      "8": 6,
      "9": 6,
      "10": 6,
      "12": 6,
      "13": 2,
      "14": 2,
      "16": 6,
      "17": 1,
      "18": 1,
      "19": 1,
      "20": 1,
      "21": 1,
      "22": 1,
      "23": 1,
      "25": 6,
      "26": 6,
      "27": 6,
      "28": 6,
      "30": 6,
      "31": 6,
      "32": 6,
      "33": 6,
      "34": 6,
      "35": 6,
      "36": 6,
      "37": 6,
      "38": 6,
      "39": 6,
      "40": 6,
      "41": 6,
      "43": 6,
      "44": 6,
      "46": 6,
      "48": 1
    },
    "branchMap": {
      "0": {
        "type": "branch",
        "line": 8,
        "loc": {
          "start": { "line": 8, "column": 0 },
          "end": { "line": 47, "column": 1 }
        },
        "locations": [
          {
            "start": { "line": 8, "column": 0 },
            "end": { "line": 47, "column": 1 }
          }
        ]
      },
      "1": {
        "type": "branch",
        "line": 13,
        "loc": {
          "start": { "line": 13, "column": 28 },
          "end": { "line": 15, "column": 4 }
        },
        "locations": [
          {
            "start": { "line": 13, "column": 28 },
            "end": { "line": 15, "column": 4 }
          }
        ]
      },
      "2": {
        "type": "branch",
        "line": 17,
        "loc": {
          "start": { "line": 17, "column": 28 },
          "end": { "line": 24, "column": 4 }
        },
        "locations": [
          {
            "start": { "line": 17, "column": 28 },
            "end": { "line": 24, "column": 4 }
          }
        ]
      }
    },
    "b": { "0": [6], "1": [2], "2": [1] },
    "fnMap": {
      "0": {
        "name": "Search",
        "decl": {
          "start": { "line": 8, "column": 0 },
          "end": { "line": 47, "column": 1 }
        },
        "loc": {
          "start": { "line": 8, "column": 0 },
          "end": { "line": 47, "column": 1 }
        },
        "line": 8
      },
      "1": {
        "name": "handleInputChange",
        "decl": {
          "start": { "line": 13, "column": 28 },
          "end": { "line": 15, "column": 4 }
        },
        "loc": {
          "start": { "line": 13, "column": 28 },
          "end": { "line": 15, "column": 4 }
        },
        "line": 13
      },
      "2": {
        "name": "handleSearchClick",
        "decl": {
          "start": { "line": 17, "column": 28 },
          "end": { "line": 24, "column": 4 }
        },
        "loc": {
          "start": { "line": 17, "column": 28 },
          "end": { "line": 24, "column": 4 }
        },
        "line": 17
      },
      "3": {
        "name": "onSubmit",
        "decl": {
          "start": { "line": 29, "column": 16 },
          "end": { "line": 29, "column": 42 }
        },
        "loc": {
          "start": { "line": 29, "column": 16 },
          "end": { "line": 29, "column": 42 }
        },
        "line": 29
      }
    },
    "f": { "0": 6, "1": 2, "2": 1, "3": 0 }
  },
  "D:\\React2024Q3\\src\\pages\\components\\ThemeButton\\ThemeButton.tsx": {
    "path": "D:\\React2024Q3\\src\\pages\\components\\ThemeButton\\ThemeButton.tsx",
    "all": false,
    "statementMap": {
      "0": {
        "start": { "line": 1, "column": 0 },
        "end": { "line": 1, "column": 52 }
      },
      "1": {
        "start": { "line": 2, "column": 0 },
        "end": { "line": 2, "column": 46 }
      },
      "3": {
        "start": { "line": 4, "column": 0 },
        "end": { "line": 4, "column": 30 }
      },
      "4": {
        "start": { "line": 5, "column": 0 },
        "end": { "line": 5, "column": 49 }
      },
      "5": {
        "start": { "line": 6, "column": 0 },
        "end": { "line": 6, "column": 10 }
      },
      "6": {
        "start": { "line": 7, "column": 0 },
        "end": { "line": 7, "column": 11 }
      },
      "7": {
        "start": { "line": 8, "column": 0 },
        "end": { "line": 8, "column": 19 }
      },
      "8": {
        "start": { "line": 9, "column": 0 },
        "end": { "line": 9, "column": 27 }
      },
      "9": {
        "start": { "line": 10, "column": 0 },
        "end": { "line": 10, "column": 96 }
      },
      "10": {
        "start": { "line": 11, "column": 0 },
        "end": { "line": 11, "column": 5 }
      },
      "11": {
        "start": { "line": 12, "column": 0 },
        "end": { "line": 12, "column": 52 }
      },
      "12": {
        "start": { "line": 13, "column": 0 },
        "end": { "line": 13, "column": 13 }
      },
      "14": {
        "start": { "line": 15, "column": 0 },
        "end": { "line": 15, "column": 1 }
      },
      "16": {
        "start": { "line": 17, "column": 0 },
        "end": { "line": 17, "column": 33 }
      }
    },
    "s": {
      "0": 1,
      "1": 1,
      "3": 3,
      "4": 3,
      "5": 3,
      "6": 3,
      "7": 3,
      "8": 3,
      "9": 3,
      "10": 3,
      "11": 3,
      "12": 3,
      "14": 3,
      "16": 1
    },
    "branchMap": {
      "0": {
        "type": "branch",
        "line": 4,
        "loc": {
          "start": { "line": 4, "column": 0 },
          "end": { "line": 15, "column": 1 }
        },
        "locations": [
          {
            "start": { "line": 4, "column": 0 },
            "end": { "line": 15, "column": 1 }
          }
        ]
      },
      "1": {
        "type": "branch",
        "line": 10,
        "loc": {
          "start": { "line": 10, "column": 42 },
          "end": { "line": 10, "column": 75 }
        },
        "locations": [
          {
            "start": { "line": 10, "column": 42 },
            "end": { "line": 10, "column": 75 }
          }
        ]
      },
      "2": {
        "type": "branch",
        "line": 12,
        "loc": {
          "start": { "line": 12, "column": 17 },
          "end": { "line": 12, "column": 40 }
        },
        "locations": [
          {
            "start": { "line": 12, "column": 17 },
            "end": { "line": 12, "column": 40 }
          }
        ]
      }
    },
    "b": { "0": [3], "1": [0], "2": [0] },
    "fnMap": {
      "0": {
        "name": "ThemeToggleButton",
        "decl": {
          "start": { "line": 4, "column": 0 },
          "end": { "line": 15, "column": 1 }
        },
        "loc": {
          "start": { "line": 4, "column": 0 },
          "end": { "line": 15, "column": 1 }
        },
        "line": 4
      }
    },
    "f": { "0": 3 }
  },
[...]
        "end": { "line": 48, "column": 6 }
      },
      "48": {
        "start": { "line": 49, "column": 0 },
        "end": { "line": 49, "column": 42 }
      },
      "49": {
        "start": { "line": 50, "column": 0 },
        "end": { "line": 50, "column": 14 }
      },
      "50": {
        "start": { "line": 51, "column": 0 },
        "end": { "line": 51, "column": 17 }
      },
      "51": {
        "start": { "line": 52, "column": 0 },
        "end": { "line": 52, "column": 38 }
      },
      "52": {
        "start": { "line": 53, "column": 0 },
        "end": { "line": 53, "column": 8 }
      },
      "53": {
        "start": { "line": 54, "column": 0 },
        "end": { "line": 54, "column": 6 }
      },
      "54": {
        "start": { "line": 55, "column": 0 },
        "end": { "line": 55, "column": 39 }
      },
      "55": {
        "start": { "line": 56, "column": 0 },
        "end": { "line": 56, "column": 14 }
      },
      "56": {
        "start": { "line": 57, "column": 0 },
        "end": { "line": 57, "column": 17 }
      },
      "57": {
        "start": { "line": 58, "column": 0 },
        "end": { "line": 58, "column": 35 }
      },
      "58": {
        "start": { "line": 59, "column": 0 },
        "end": { "line": 59, "column": 8 }
      },
      "59": {
        "start": { "line": 60, "column": 0 },
        "end": { "line": 60, "column": 6 }
      },
      "60": {
        "start": { "line": 61, "column": 0 },
        "end": { "line": 61, "column": 4 }
      },
      "61": {
        "start": { "line": 62, "column": 0 },
        "end": { "line": 62, "column": 3 }
      },
      "63": {
        "start": { "line": 64, "column": 0 },
        "end": { "line": 64, "column": 14 }
      },
      "64": {
        "start": { "line": 65, "column": 0 },
        "end": { "line": 65, "column": 11 }
      },
      "65": {
        "start": { "line": 66, "column": 0 },
        "end": { "line": 66, "column": 14 }
      },
      "66": {
        "start": { "line": 67, "column": 0 },
        "end": { "line": 67, "column": 13 }
      },
      "67": {
        "start": { "line": 68, "column": 0 },
        "end": { "line": 68, "column": 15 }
      },
      "68": {
        "start": { "line": 69, "column": 0 },
        "end": { "line": 69, "column": 11 }
      },
      "69": {
        "start": { "line": 70, "column": 0 },
        "end": { "line": 70, "column": 19 }
      },
      "70": {
        "start": { "line": 71, "column": 0 },
        "end": { "line": 71, "column": 16 }
      },
      "71": {
        "start": { "line": 72, "column": 0 },
        "end": { "line": 72, "column": 26 }
      },
      "73": {
        "start": { "line": 74, "column": 0 },
        "end": { "line": 74, "column": 37 }
      }
    },
    "s": {
      "0": 1,
      "2": 1,
      "3": 1,
      "4": 1,
      "5": 1,
      "6": 1,
      "7": 1,
      "8": 1,
      "9": 1,
      "10": 1,
      "11": 1,
      "12": 1,
      "14": 1,
      "15": 1,
      "16": 1,
      "17": 1,
      "18": 1,
      "19": 1,
      "20": 1,
      "21": 1,
      "22": 1,
      "23": 1,
      "24": 1,
      "25": 1,
      "26": 1,
      "27": 1,
      "28": 1,
      "29": 1,
      "30": 1,
      "31": 1,
      "32": 1,
      "33": 1,
      "34": 1,
      "35": 1,
      "36": 1,
      "37": 1,
      "38": 1,
      "39": 1,
      "40": 1,
      "41": 1,
      "42": 1,
      "43": 1,
      "44": 1,
      "45": 1,
      "46": 1,
      "47": 1,
      "48": 1,
      "49": 5,
      "50": 5,
      "51": 5,
      "52": 5,
      "53": 5,
      "54": 1,
      "55": 5,
      "56": 5,
      "57": 5,
      "58": 5,
      "59": 5,
      "60": 1,
      "61": 1,
      "63": 1,
      "64": 1,
      "65": 1,
      "66": 1,
      "67": 1,
      "68": 1,
      "69": 1,
      "70": 1,
      "71": 1,
      "73": 1
    },
    "branchMap": {
      "0": {
        "type": "branch",
        "line": 19,
        "loc": {
          "start": { "line": 19, "column": 14 },
          "end": { "line": 24, "column": 6 }
        },
        "locations": [
          {
            "start": { "line": 19, "column": 14 },
            "end": { "line": 24, "column": 6 }
          }
        ]
      },
      "1": {
        "type": "branch",
        "line": 25,
        "loc": {
          "start": { "line": 25, "column": 17 },
          "end": { "line": 30, "column": 6 }
        },
        "locations": [
          {
            "start": { "line": 25, "column": 17 },
            "end": { "line": 30, "column": 6 }
          }
        ]
      },
      "2": {
        "type": "branch",
        "line": 31,
        "loc": {
          "start": { "line": 31, "column": 16 },
          "end": { "line": 36, "column": 6 }
        },
        "locations": [
          {
            "start": { "line": 31, "column": 16 },
            "end": { "line": 36, "column": 6 }
          }
        ]
      },
      "3": {
        "type": "branch",
        "line": 37,
        "loc": {
          "start": { "line": 37, "column": 18 },
          "end": { "line": 42, "column": 6 }
        },
        "locations": [
          {
            "start": { "line": 37, "column": 18 },
            "end": { "line": 42, "column": 6 }
          }
        ]
      },
      "4": {
        "type": "branch",
        "line": 43,
        "loc": {
          "start": { "line": 43, "column": 14 },
          "end": { "line": 48, "column": 6 }
        },
        "locations": [
          {
            "start": { "line": 43, "column": 14 },
            "end": { "line": 48, "column": 6 }
          }
        ]
      },
      "5": {
        "type": "branch",
        "line": 49,
        "loc": {
          "start": { "line": 49, "column": 22 },
          "end": { "line": 54, "column": 6 }
        },
        "locations": [
          {
            "start": { "line": 49, "column": 22 },
            "end": { "line": 54, "column": 6 }
          }
        ]
      },
      "6": {
        "type": "branch",
        "line": 55,
        "loc": {
          "start": { "line": 55, "column": 19 },
          "end": { "line": 60, "column": 6 }
        },
        "locations": [
          {
            "start": { "line": 55, "column": 19 },
            "end": { "line": 60, "column": 6 }
          }
        ]
      }
    },
    "b": {
      "0": [1],
      "1": [1],
      "2": [1],
      "3": [1],
      "4": [1],
      "5": [5],
      "6": [5]
    },
    "fnMap": {
      "0": {
        "name": "setTotal",
        "decl": {
          "start": { "line": 19, "column": 14 },
          "end": { "line": 24, "column": 6 }
        },
        "loc": {
          "start": { "line": 19, "column": 14 },
          "end": { "line": 24, "column": 6 }
        },
        "line": 19
      },
      "1": {
        "name": "setProducts",
        "decl": {
          "start": { "line": 25, "column": 17 },
          "end": { "line": 30, "column": 6 }
        },
        "loc": {
          "start": { "line": 25, "column": 17 },
          "end": { "line": 30, "column": 6 }
        },
        "line": 25
      },
      "2": {
        "name": "setProduct",
        "decl": {
          "start": { "line": 31, "column": 16 },
          "end": { "line": 36, "column": 6 }
        },
        "loc": {
          "start": { "line": 31, "column": 16 },
          "end": { "line": 36, "column": 6 }
        },
        "line": 31
      },
      "3": {
        "name": "setIsLoading",
        "decl": {
          "start": { "line": 37, "column": 18 },
          "end": { "line": 42, "column": 6 }
        },
        "loc": {
          "start": { "line": 37, "column": 18 },
          "end": { "line": 42, "column": 6 }
        },
        "line": 37
      },
      "4": {
        "name": "setLimit",
        "decl": {
          "start": { "line": 43, "column": 14 },
          "end": { "line": 48, "column": 6 }
        },
        "loc": {
          "start": { "line": 43, "column": 14 },
          "end": { "line": 48, "column": 6 }
        },
        "line": 43
      },
      "5": {
        "name": "setIsDetailsOpen",
        "decl": {
          "start": { "line": 49, "column": 22 },
          "end": { "line": 54, "column": 6 }
        },
        "loc": {
          "start": { "line": 49, "column": 22 },
          "end": { "line": 54, "column": 6 }
        },
        "line": 49
      },
      "6": {
        "name": "setSelectedId",
        "decl": {
          "start": { "line": 55, "column": 19 },
          "end": { "line": 60, "column": 6 }
        },
        "loc": {
          "start": { "line": 55, "column": 19 },
          "end": { "line": 60, "column": 6 }
        },
        "line": 55
      }
    },
    "f": { "0": 1, "1": 1, "2": 1, "3": 1, "4": 1, "5": 5, "6": 5 }
  },
  "D:\\React2024Q3\\src\\redux\\store\\index.ts": {
    "path": "D:\\React2024Q3\\src\\redux\\store\\index.ts",
    "all": false,
    "statementMap": {
      "0": {
        "start": { "line": 1, "column": 0 },
        "end": { "line": 1, "column": 50 }
      },
      "1": {
        "start": { "line": 2, "column": 0 },
        "end": { "line": 2, "column": 51 }
      },
      "2": {
        "start": { "line": 3, "column": 0 },
        "end": { "line": 3, "column": 42 }
      },
      "4": {
        "start": { "line": 5, "column": 0 },
        "end": { "line": 5, "column": 23 }
      },
      "5": {
        "start": { "line": 6, "column": 0 },
        "end": { "line": 6, "column": 18 }
      },
      "6": {
        "start": { "line": 7, "column": 0 },
        "end": { "line": 7, "column": 25 }
      },
      "7": {
        "start": { "line": 8, "column": 0 },
        "end": { "line": 8, "column": 65 }
      },
      "8": {
        "start": { "line": 9, "column": 0 },
        "end": { "line": 9, "column": 5 }
      },
      "14": {
        "start": { "line": 15, "column": 0 },
        "end": { "line": 15, "column": 58 }
      }
    },
    "s": {
      "0": 1,
      "1": 1,
      "2": 1,
      "4": 1,
      "5": 0,
      "6": 0,
      "7": 0,
      "8": 0,
      "14": 1
    },
    "branchMap": {},
    "b": {},
    "fnMap": {
      "0": {
        "name": "makeStore",
        "decl": {
          "start": { "line": 5, "column": 18 },
          "end": { "line": 9, "column": 5 }
        },
        "loc": {
          "start": { "line": 5, "column": 18 },
          "end": { "line": 9, "column": 5 }
        },
        "line": 5
      }
    },
    "f": { "0": 0 }
  },
  "D:\\React2024Q3\\src\\redux\\store\\paginationSlice.ts": {
    "path": "D:\\React2024Q3\\src\\redux\\store\\paginationSlice.ts",
    "all": false,
    "statementMap": {
      "0": {
        "start": { "line": 1, "column": 0 },
        "end": { "line": 1, "column": 47 }
      },
      "2": {
        "start": { "line": 3, "column": 0 },
        "end": { "line": 3, "column": 22 }
      },
      "3": {
        "start": { "line": 4, "column": 0 },
        "end": { "line": 4, "column": 17 }
      },
      "4": {
        "start": { "line": 5, "column": 0 },
        "end": { "line": 5, "column": 16 }
      },
      "5": {
        "start": { "line": 6, "column": 0 },
        "end": { "line": 6, "column": 2 }
      },
      "7": {
        "start": { "line": 8, "column": 0 },
        "end": { "line": 8, "column": 37 }
      },
      "8": {
        "start": { "line": 9, "column": 0 },
        "end": { "line": 9, "column": 21 }
      },
      "9": {
        "start": { "line": 10, "column": 0 },
        "end": { "line": 10, "column": 15 }
      },
      "10": {
        "start": { "line": 11, "column": 0 },
        "end": { "line": 11, "column": 13 }
      },
      "11": {
        "start": { "line": 12, "column": 0 },
        "end": { "line": 12, "column": 40 }
      },
      "12": {
        "start": { "line": 13, "column": 0 },
        "end": { "line": 13, "column": 14 }
      },
      "13": {
        "start": { "line": 14, "column": 0 },
        "end": { "line": 14, "column": 17 }
      },
      "14": {
        "start": { "line": 15, "column": 0 },
        "end": { "line": 15, "column": 36 }
      },
      "15": {
        "start": { "line": 16, "column": 0 },
        "end": { "line": 16, "column": 8 }
      },
      "16": {
        "start": { "line": 17, "column": 0 },
        "end": { "line": 17, "column": 6 }
      },
      "17": {
        "start": { "line": 18, "column": 0 },
        "end": { "line": 18, "column": 39 }
      },
      "18": {
        "start": { "line": 19, "column": 0 },
        "end": { "line": 19, "column": 14 }
      },
      "19": {
        "start": { "line": 20, "column": 0 },
        "end": { "line": 20, "column": 17 }
      },
      "20": {
        "start": { "line": 21, "column": 0 },
        "end": { "line": 21, "column": 35 }
      },
      "21": {
        "start": { "line": 22, "column": 0 },
        "end": { "line": 22, "column": 8 }
      },
      "22": {
        "start": { "line": 23, "column": 0 },
        "end": { "line": 23, "column": 6 }
      },
      "23": {
        "start": { "line": 24, "column": 0 },
        "end": { "line": 24, "column": 4 }
      },
      "24": {
        "start": { "line": 25, "column": 0 },
        "end": { "line": 25, "column": 3 }
      },
      "26": {
        "start": { "line": 27, "column": 0 },
        "end": { "line": 27, "column": 73 }
      },
      "28": {
        "start": { "line": 29, "column": 0 },
        "end": { "line": 29, "column": 39 }
      }
    },
    "s": {
      "0": 1,
      "2": 1,
      "3": 1,
      "4": 1,
      "5": 1,
      "7": 1,
      "8": 1,
      "9": 1,
      "10": 1,
      "11": 1,
      "12": 1,
      "13": 1,
      "14": 1,
      "15": 1,
      "16": 1,
      "17": 1,
      "18": 3,
      "19": 3,
      "20": 3,
      "21": 3,
      "22": 3,
      "23": 1,
      "24": 1,
      "26": 1,
      "28": 1
    },
    "branchMap": {
      "0": {
        "type": "branch",
        "line": 12,
        "loc": {
          "start": { "line": 12, "column": 20 },
          "end": { "line": 17, "column": 6 }
        },
        "locations": [
          {
            "start": { "line": 12, "column": 20 },
            "end": { "line": 17, "column": 6 }
          }
        ]
      },
      "1": {
        "type": "branch",
        "line": 18,
        "loc": {
          "start": { "line": 18, "column": 19 },
          "end": { "line": 23, "column": 6 }
        },
        "locations": [
          {
            "start": { "line": 18, "column": 19 },
            "end": { "line": 23, "column": 6 }
          }
        ]
      }
    },
    "b": { "0": [1], "1": [3] },
    "fnMap": {
      "0": {
        "name": "setCurrentPage",
        "decl": {
          "start": { "line": 12, "column": 20 },
          "end": { "line": 17, "column": 6 }
        },
        "loc": {
          "start": { "line": 12, "column": 20 },
          "end": { "line": 17, "column": 6 }
        },
        "line": 12
      },
      "1": {
        "name": "setTotalPages",
        "decl": {
          "start": { "line": 18, "column": 19 },
          "end": { "line": 23, "column": 6 }
        },
        "loc": {
          "start": { "line": 18, "column": 19 },
          "end": { "line": 23, "column": 6 }
        },
        "line": 18
      }
    },
    "f": { "0": 1, "1": 3 }
  },
  "D:\\React2024Q3\\src\\redux\\store\\searchSlice.ts": {
    "path": "D:\\React2024Q3\\src\\redux\\store\\searchSlice.ts",
    "all": false,
    "statementMap": {
      "0": {
        "start": { "line": 1, "column": 0 },
        "end": { "line": 1, "column": 47 }
      },
      "2": {
        "start": { "line": 3, "column": 0 },
        "end": { "line": 3, "column": 29 }
      },
      "3": {
        "start": { "line": 4, "column": 0 },
        "end": { "line": 4, "column": 18 }
      },
      "4": {
        "start": { "line": 5, "column": 0 },
        "end": { "line": 5, "column": 17 }
      },
      "5": {
        "start": { "line": 6, "column": 0 },
        "end": { "line": 6, "column": 2 }
      },
      "7": {
        "start": { "line": 8, "column": 0 },
        "end": { "line": 8, "column": 33 }
      },
      "8": {
        "start": { "line": 9, "column": 0 },
        "end": { "line": 9, "column": 17 }
      },
      "9": {
        "start": { "line": 10, "column": 0 },
        "end": { "line": 10, "column": 15 }
      },
      "10": {
        "start": { "line": 11, "column": 0 },
        "end": { "line": 11, "column": 13 }
      },
      "11": {
        "start": { "line": 12, "column": 0 },
        "end": { "line": 12, "column": 40 }
      },
      "12": {
        "start": { "line": 13, "column": 0 },
        "end": { "line": 13, "column": 14 }
      },
      "13": {
        "start": { "line": 14, "column": 0 },
        "end": { "line": 14, "column": 17 }
      },
      "14": {
        "start": { "line": 15, "column": 0 },
        "end": { "line": 15, "column": 36 }
      },
      "15": {
        "start": { "line": 16, "column": 0 },
        "end": { "line": 16, "column": 8 }
      },
      "16": {
        "start": { "line": 17, "column": 0 },
        "end": { "line": 17, "column": 6 }
      },
      "17": {
        "start": { "line": 18, "column": 0 },
        "end": { "line": 18, "column": 40 }
      },
      "18": {
        "start": { "line": 19, "column": 0 },
        "end": { "line": 19, "column": 14 }
      },
      "19": {
        "start": { "line": 20, "column": 0 },
        "end": { "line": 20, "column": 17 }
      },
      "20": {
        "start": { "line": 21, "column": 0 },
        "end": { "line": 21, "column": 36 }
      },
      "21": {
        "start": { "line": 22, "column": 0 },
        "end": { "line": 22, "column": 8 }
      },
      "22": {
        "start": { "line": 23, "column": 0 },
        "end": { "line": 23, "column": 6 }
      },
      "23": {
        "start": { "line": 24, "column": 0 },
        "end": { "line": 24, "column": 4 }
      },
      "24": {
        "start": { "line": 25, "column": 0 },
        "end": { "line": 25, "column": 3 }
      },
      "26": {
        "start": { "line": 27, "column": 0 },
        "end": { "line": 27, "column": 70 }
      },
      "27": {
        "start": { "line": 28, "column": 0 },
        "end": { "line": 28, "column": 35 }
      }
    },
    "s": {
      "0": 1,
      "2": 1,
      "3": 1,
      "4": 1,
      "5": 1,
      "7": 1,
      "8": 1,
      "9": 1,
      "10": 1,
      "11": 1,
      "12": 1,
      "13": 1,
      "14": 1,
      "15": 1,
      "16": 1,
      "17": 1,
      "18": 1,
      "19": 1,
      "20": 1,
      "21": 1,
      "22": 1,
      "23": 1,
      "24": 1,
      "26": 1,
      "27": 1
    },
    "branchMap": {
      "0": {
        "type": "branch",
        "line": 12,
        "loc": {
          "start": { "line": 12, "column": 20 },
          "end": { "line": 17, "column": 6 }
        },
        "locations": [
          {
            "start": { "line": 12, "column": 20 },
            "end": { "line": 17, "column": 6 }
          }
        ]
      },
      "1": {
        "type": "branch",
        "line": 18,
        "loc": {
          "start": { "line": 18, "column": 20 },
          "end": { "line": 23, "column": 6 }
        },
        "locations": [
          {
            "start": { "line": 18, "column": 20 },
            "end": { "line": 23, "column": 6 }
          }
        ]
      }
    },
    "b": { "0": [1], "1": [1] },
    "fnMap": {
      "0": {
        "name": "setSearchValue",
        "decl": {
          "start": { "line": 12, "column": 20 },
          "end": { "line": 17, "column": 6 }
        },
        "loc": {
          "start": { "line": 12, "column": 20 },
          "end": { "line": 17, "column": 6 }
        },
        "line": 12
      },
      "1": {
        "name": "setSearchTotal",
        "decl": {
          "start": { "line": 18, "column": 20 },
          "end": { "line": 23, "column": 6 }
        },
        "loc": {
          "start": { "line": 18, "column": 20 },
          "end": { "line": 23, "column": 6 }
        },
        "line": 18
      }
    },
    "f": { "0": 1, "1": 1 }
  }
}
